197e56e6ccef2301
Of course. However, the input you've provided is a technical reference to email objects in a programming language, not the actual text of the emails.

To summarize the emails, please provide their full text content (subject, sender, body, etc.).

Once you provide the text, I can draft a summary for you. For example, if the email was an internal announcement about a new product, the news paragraph might look like this:

***

**Example Summary:**

**LOCAL** — Tech firm Innovate Solutions has confirmed it will launch its new flagship software, "Momentum," on December 1st, according to an internal memo circulated to employees on Tuesday. The memo, from CEO Anya Sharma, states the new platform will "redefine productivity for creative professionals" and follows two years of development. The company has not yet released official pricing or public launch details.

197e56e6ccef2301
**KRUK S.A. Allocates PLN 100 Million in Oversubscribed Bond Offering**

KRUK S.A. has successfully allocated PLN 100 million in six-year, variable-rate bonds following a heavily oversubscribed offering. The issue attracted PLN 300 million in subscriptions from 1,780 investors, resulting in a 67% scale-back. The company increased the final offering from an initially planned PLN 80 million due to the strong demand. The Series AP4 bonds feature an interest rate of 3M WIBOR plus a 2.7% margin, with proceeds intended to fund KRUK's European growth and digital transformation.

197e8fda77e4993d
According to a new study by Allianz and Allianz Trade, the decarbonization of Germany's residential housing sector by 2050 will require investments of approximately €1.4 trillion. While this transition could lead to a moderate increase in property prices, the study projects it would also create around 107,000 new jobs and boost the real estate industry's value added by one trillion euros. Researchers conclude that since energy savings alone will not cover the high investment costs, government incentives will be necessary to achieve Germany's climate goals for the building sector.

197e90fa9cff6db4
DHL Global Forwarding, Freight has appointed Markus Voss as the new CEO of DHL Freight. The company also announced the establishment of a new European Transportation Board, which is designed to enhance cross-divisional collaboration on land transport among DHL Global Forwarding, DHL Freight, and DHL Supply Chain.

197e9f011d3c91b2
In its "Y! Sports AM" newsletter, Yahoo! Sports has announced its selections for the NFL All-Quarter Century Team, a list intended to highlight the best players of the last 25 years.

197ea05bcd3ec8d3
Bulgaria is set to join the euro area on January 1, 2026, with the conversion rate for its currency fixed at 1.95583 lev per euro. The decision follows Bulgaria's 2020 entry into the Exchange Rate Mechanism (ERM II), a key step for euro adoption. Bulgarian banks have been under the supervision of the European Central Bank since 2020.

197ea05bcd3ec8d3
Bulgaria is set to join the euro area on January 1, 2026, according to an announcement from the European Central Bank. The conversion rate for its currency, the lev, has been fixed at 1.95583 per euro. This move follows Bulgaria's 2020 entry into the Exchange Rate Mechanism (ERM II) and the start of ECB supervision over its national banks.

197ea05bcd3ec8d3
Bulgaria is set to join the euro area on January 1, 2026, with the conversion rate for its currency, the lev, fixed at 1.95583 to one euro. This decision follows Bulgaria's 2020 entry into the Exchange Rate Mechanism II (ERM II), a key step for euro adoption. The country's banks have also been under the direct supervision of the European Central Bank since 2020.

197ea1fda8d559e8
The Frankfurt coworking space Die Zentrale Coworking has postponed its summer party. Originally scheduled for July 11, the event will now take place on Friday, August 22, starting at 5 p.m. In an email to members, the management cited "vacancies" as the reason for the change. The barbecue event is open to all active members of the space.

197ea258b87ef17c
AMSTERDAM – ING announced Tuesday it repurchased 2.71 million of its shares last week for a total of nearly €51 million as part of its ongoing buyback program. The transactions, conducted between June 30 and July 4, bring the total repurchased value to approximately €779 million. To date, the company has completed nearly 39% of its €2 billion program, which is intended to reduce its share capital.

197ea284553dcb91
**KAISERAUGST, Switzerland** – Nutrition and health company dsm-firmenich announced Tuesday it repurchased 506,265 of its own shares for a total of €45.7 million between June 30 and July 4. The transaction is part of the company's ongoing €1.08 billion share repurchase program, which is intended to cover share plans and reduce capital. To date, dsm-firmenich has spent €398.4 million to repurchase over 4.2 million shares under the program, which is scheduled to conclude by January 2026.

197ea2dc4b4c4317
**Wiesbaden** – German exports fell by 1.4% in May 2025 compared to the previous month, while imports decreased by 3.8%, according to preliminary data from the Federal Statistical Office (Destatis). In a year-over-year comparison with May 2024, exports saw a slight increase of 0.4% and imports grew by 4.2%. The seasonally adjusted figures show that Germany exported goods worth €129.4 billion and imported goods valued at €111.1 billion, resulting in a foreign trade surplus of €18.4 billion for the month.

